# JRE version: OpenJDK Runtime Environment (11.0.12+7) (build 11.0.12+7-b1504.28-7817840)
# Java VM: OpenJDK 64-Bit Server VM (11.0.12+7-b1504.28-7817840, mixed mode, tiered, compressed oops, g1 gc, windows-amd64)
Heap:
 garbage-first heap   total 398336K, used 275815K [0x0000000080000000, 0x0000000100000000)
  region size 1024K, 105 young (107520K), 2 survivors (2048K)
 Metaspace       used 162823K, capacity 168143K, committed 168524K, reserved 1196032K
  class space    used 20329K, capacity 22222K, committed 22348K, reserved 1048576K
GC Heap History (20 events):
Event: 1172.495 GC heap before
{Heap before GC invocations=96 (full 0):
 garbage-first heap   total 398336K, used 297957K [0x0000000080000000, 0x0000000100000000)
  region size 1024K, 32 young (32768K), 3 survivors (3072K)
 Metaspace       used 160621K, capacity 165509K, committed 165580K, reserved 1193984K
  class space    used 20135K, capacity 21921K, committed 21964K, reserved 1048576K
}
Event: 1172.508 GC heap after
{Heap after GC invocations=97 (full 0):
 garbage-first heap   total 398336K, used 277180K [0x0000000080000000, 0x0000000100000000)
  region size 1024K, 8 young (8192K), 8 survivors (8192K)
 Metaspace       used 160621K, capacity 165509K, committed 165580K, reserved 1193984K
  class space    used 20135K, capacity 21921K, committed 21964K, reserved 1048576K
}
Event: 1172.677 GC heap before
{Heap before GC invocations=97 (full 0):
 garbage-first heap   total 398336K, used 331452K [0x0000000080000000, 0x0000000100000000)
  region size 1024K, 52 young (53248K), 8 survivors (8192K)
 Metaspace       used 160621K, capacity 165509K, committed 165580K, reserved 1193984K
  class space    used 20135K, capacity 21921K, committed 21964K, reserved 1048576K
}
Event: 1172.687 GC heap after
{Heap after GC invocations=98 (full 0):
 garbage-first heap   total 398336K, used 290970K [0x0000000080000000, 0x0000000100000000)
  region size 1024K, 5 young (5120K), 5 survivors (5120K)
 Metaspace       used 160621K, capacity 165509K, committed 165580K, reserved 1193984K
  class space    used 20135K, capacity 21921K, committed 21964K, reserved 1048576K
}
Event: 1173.585 GC heap before
{Heap before GC invocations=99 (full 0):
 garbage-first heap   total 398336K, used 330906K [0x0000000080000000, 0x0000000100000000)
  region size 1024K, 45 young (46080K), 5 survivors (5120K)
 Metaspace       used 160774K, capacity 165669K, committed 165836K, reserved 1193984K
  class space    used 20147K, capacity 21926K, committed 21964K, reserved 1048576K
}
Event: 1173.594 GC heap after
{Heap after GC invocations=100 (full 0):
 garbage-first heap   total 398336K, used 283752K [0x0000000080000000, 0x0000000100000000)
  region size 1024K, 4 young (4096K), 4 survivors (4096K)
 Metaspace       used 160774K, capacity 165669K, committed 165836K, reserved 1193984K
  class space    used 20147K, capacity 21926K, committed 21964K, reserved 1048576K
}
Event: 1173.628 GC heap before
{Heap before GC invocations=100 (full 0):
 garbage-first heap   total 398336K, used 298088K [0x0000000080000000, 0x0000000100000000)
  region size 1024K, 19 young (19456K), 4 survivors (4096K)
 Metaspace       used 160792K, capacity 165671K, committed 165836K, reserved 1193984K
  class space    used 20147K, capacity 21926K, committed 21964K, reserved 1048576K
}
Event: 1173.643 GC heap after
{Heap after GC invocations=101 (full 0):
 garbage-first heap   total 398336K, used 280254K [0x0000000080000000, 0x0000000100000000)
  region size 1024K, 3 young (3072K), 3 survivors (3072K)
 Metaspace       used 160792K, capacity 165671K, committed 165836K, reserved 1193984K
  class space    used 20147K, capacity 21926K, committed 21964K, reserved 1048576K
}
Event: 1173.886 GC heap before
{Heap before GC invocations=101 (full 0):
 garbage-first heap   total 398336K, used 327358K [0x0000000080000000, 0x0000000100000000)
  region size 1024K, 50 young (51200K), 3 survivors (3072K)
 Metaspace       used 161019K, capacity 165949K, committed 166220K, reserved 1193984K
  class space    used 20176K, capacity 21977K, committed 22092K, reserved 1048576K
}
Event: 1173.899 GC heap after
{Heap after GC invocations=102 (full 0):
 garbage-first heap   total 398336K, used 284189K [0x0000000080000000, 0x0000000100000000)
  region size 1024K, 7 young (7168K), 7 survivors (7168K)
 Metaspace       used 161019K, capacity 165949K, committed 166220K, reserved 1193984K
  class space    used 20176K, capacity 21977K, committed 22092K, reserved 1048576K
}
Event: 1174.987 GC heap before
{Heap before GC invocations=103 (full 0):
 garbage-first heap   total 398336K, used 280093K [0x0000000080000000, 0x0000000100000000)
  region size 1024K, 54 young (55296K), 7 survivors (7168K)
 Metaspace       used 161145K, capacity 166228K, committed 166476K, reserved 1193984K
  class space    used 20181K, capacity 21983K, committed 22092K, reserved 1048576K
}
Event: 1174.994 GC heap after
{Heap after GC invocations=104 (full 0):
 garbage-first heap   total 398336K, used 205567K [0x0000000080000000, 0x0000000100000000)
  region size 1024K, 2 young (2048K), 2 survivors (2048K)
 Metaspace       used 161145K, capacity 166228K, committed 166476K, reserved 1193984K
  class space    used 20181K, capacity 21983K, committed 22092K, reserved 1048576K
}
Event: 1266.513 GC heap before
{Heap before GC invocations=104 (full 0):
 garbage-first heap   total 398336K, used 221951K [0x0000000080000000, 0x0000000100000000)
  region size 1024K, 19 young (19456K), 2 survivors (2048K)
 Metaspace       used 161211K, capacity 166282K, committed 166476K, reserved 1193984K
  class space    used 20187K, capacity 21994K, committed 22092K, reserved 1048576K
}
Event: 1266.527 GC heap after
{Heap after GC invocations=105 (full 0):
 garbage-first heap   total 398336K, used 176987K [0x0000000080000000, 0x0000000100000000)
  region size 1024K, 3 young (3072K), 3 survivors (3072K)
 Metaspace       used 161211K, capacity 166282K, committed 166476K, reserved 1193984K
  class space    used 20187K, capacity 21994K, committed 22092K, reserved 1048576K
}
Event: 1282.371 GC heap before
{Heap before GC invocations=105 (full 0):
 garbage-first heap   total 398336K, used 250715K [0x0000000080000000, 0x0000000100000000)
  region size 1024K, 77 young (78848K), 3 survivors (3072K)
 Metaspace       used 161691K, capacity 166800K, committed 166988K, reserved 1193984K
  class space    used 20227K, capacity 22069K, committed 22092K, reserved 1048576K
}
Event: 1282.402 GC heap after
{Heap after GC invocations=106 (full 0):
 garbage-first heap   total 398336K, used 183237K [0x0000000080000000, 0x0000000100000000)
  region size 1024K, 9 young (9216K), 9 survivors (9216K)
 Metaspace       used 161691K, capacity 166800K, committed 166988K, reserved 1193984K
  class space    used 20227K, capacity 22069K, committed 22092K, reserved 1048576K
}
Event: 1832.836 GC heap before
{Heap before GC invocations=107 (full 0):
 garbage-first heap   total 398336K, used 291781K [0x0000000080000000, 0x0000000100000000)
  region size 1024K, 108 young (110592K), 9 survivors (9216K)
 Metaspace       used 162032K, capacity 167190K, committed 167372K, reserved 1193984K
  class space    used 20247K, capacity 22106K, committed 22220K, reserved 1048576K
}
Event: 1832.849 GC heap after
{Heap after GC invocations=108 (full 0):
 garbage-first heap   total 398336K, used 177984K [0x0000000080000000, 0x0000000100000000)
  region size 1024K, 4 young (4096K), 4 survivors (4096K)
 Metaspace       used 162032K, capacity 167190K, committed 167372K, reserved 1193984K
  class space    used 20247K, capacity 22106K, committed 22220K, reserved 1048576K
}
Event: 1832.968 GC heap before
{Heap before GC invocations=108 (full 0):
 garbage-first heap   total 398336K, used 192320K [0x0000000080000000, 0x0000000100000000)
  region size 1024K, 19 young (19456K), 4 survivors (4096K)
 Metaspace       used 162086K, capacity 167308K, committed 167628K, reserved 1193984K
  class space    used 20252K, capacity 22115K, committed 22220K, reserved 1048576K
}
Event: 1832.982 GC heap after
{Heap after GC invocations=109 (full 0):
 garbage-first heap   total 398336K, used 172391K [0x0000000080000000, 0x0000000100000000)
  region size 1024K, 2 young (2048K), 2 survivors (2048K)
 Metaspace       used 162086K, capacity 167308K, committed 167628K, reserved 1193984K
  class space    used 20252K, capacity 22115K, committed 22220K, reserved 1048576K
}

